<?xml version="1.0" encoding="UTF-8"?>
<!-- Generated by org.testng.reporters.JUnitReportReporter -->
<testsuite hostname="IN-komehta-W1" failures="0" tests="1" name="RestAssuredProject.AbusiveExperienceAPITest" time="10.365" errors="0" timestamp="2019-11-11T20:50:21 IST" skipped="0">
  <testcase classname="RestAssuredProject.AbusiveExperienceAPITest" name="AbusiveExperienceTestRun" time="10.365"/>
</testsuite> <!-- RestAssuredProject.AbusiveExperienceAPITest -->
