<?xml version="1.0" encoding="UTF-8"?>
<!-- Generated by org.testng.reporters.JUnitReportReporter -->
<testsuite hostname="IN-komehta-W1" failures="0" tests="2" name="RestAssuredProject.AbusiveExperienceAPITest" time="139.447" errors="0" timestamp="2019-11-21T20:06:16 IST" skipped="0">
  <testcase classname="RestAssuredProject.AbusiveExperienceAPITest" name="ViolatingSitesTestRun" time="137.289"/>
  <testcase classname="RestAssuredProject.AbusiveExperienceAPITest" name="AbusiveStatusTestRun" time="2.158"/>
</testsuite> <!-- RestAssuredProject.AbusiveExperienceAPITest -->
