<?xml version="1.0" encoding="UTF-8"?>
<!-- Generated by org.testng.reporters.JUnitReportReporter -->
<testsuite hostname="IN-komehta-W1" failures="0" tests="2" name="RestAssuredProject.TaskListAPITest" time="2.664" errors="0" timestamp="2019-11-18T20:18:16 IST" skipped="1">
  <testcase classname="RestAssuredProject.TaskListAPITest" name="listAllTaskListsTest" time="2.664"/>
  <testcase classname="RestAssuredProject.TaskListAPITest" name="createNewTaskTest">
    <skipped/>
  </testcase> <!-- createNewTaskTest -->
</testsuite> <!-- RestAssuredProject.TaskListAPITest -->
