<?xml version="1.0" encoding="UTF-8"?>
<!-- Generated by org.testng.reporters.JUnitReportReporter -->
<testsuite hostname="IN-komehta-W1" failures="0" tests="6" name="RestAssuredProject.CalendarAPITest" time="5.058" errors="0" timestamp="2019-11-19T21:19:53 IST" skipped="0">
  <testcase classname="RestAssuredProject.CalendarAPITest" name="getCalendarListTest" time="0.971"/>
  <testcase classname="RestAssuredProject.CalendarAPITest" name="getCalendarTest" time="0.671"/>
  <testcase classname="RestAssuredProject.CalendarAPITest" name="getCalendarColorsTest" time="0.688"/>
  <testcase classname="RestAssuredProject.CalendarAPITest" name="getCalendarEventListTest" time="1.069"/>
  <testcase classname="RestAssuredProject.CalendarAPITest" name="listUserCalendarSettingsTest" time="0.637"/>
  <testcase classname="RestAssuredProject.CalendarAPITest" name="createAnEventTest" time="1.022"/>
</testsuite> <!-- RestAssuredProject.CalendarAPITest -->
