<?xml version="1.0" encoding="UTF-8"?>
<!-- Generated by org.testng.reporters.JUnitReportReporter -->
<testsuite hostname="IN-komehta-W1" failures="0" tests="2" name="RestAssuredProject.AbusiveExperienceAPITest" time="173.300" errors="0" timestamp="2019-11-25T21:39:39 IST" skipped="0">
  <testcase classname="RestAssuredProject.AbusiveExperienceAPITest" name="ViolatingSitesTestRun" time="171.376"/>
  <testcase classname="RestAssuredProject.AbusiveExperienceAPITest" name="AbusiveStatusTestRun" time="1.924"/>
</testsuite> <!-- RestAssuredProject.AbusiveExperienceAPITest -->
