<?xml version="1.0" encoding="UTF-8"?>
<!-- Generated by org.testng.reporters.JUnitReportReporter -->
<testsuite hostname="IN-komehta-W1" failures="0" tests="2" name="RestAssuredProject.AbusiveExperienceAPITest" time="11.522" errors="0" timestamp="2019-11-11T21:34:22 IST" skipped="0">
  <testcase classname="RestAssuredProject.AbusiveExperienceAPITest" name="AbusiveStatusTestRun" time="4.449"/>
  <testcase classname="RestAssuredProject.AbusiveExperienceAPITest" name="ViolatingSitesTestRun" time="7.073"/>
</testsuite> <!-- RestAssuredProject.AbusiveExperienceAPITest -->
