<?xml version="1.0" encoding="UTF-8"?>
<!-- Generated by org.testng.reporters.JUnitReportReporter -->
<testsuite hostname="IN-komehta-W1" failures="0" tests="6" name="RestAssuredProject.CalendarAPITest" time="5.567" errors="0" timestamp="2019-11-20T20:44:27 IST" skipped="0">
  <testcase classname="RestAssuredProject.CalendarAPITest" name="getCalendarListTest" time="0.961"/>
  <testcase classname="RestAssuredProject.CalendarAPITest" name="getCalendarTest" time="0.809"/>
  <testcase classname="RestAssuredProject.CalendarAPITest" name="getCalendarColorsTest" time="0.758"/>
  <testcase classname="RestAssuredProject.CalendarAPITest" name="getCalendarEventListTest" time="1.155"/>
  <testcase classname="RestAssuredProject.CalendarAPITest" name="listUserCalendarSettingsTest" time="0.805"/>
  <testcase classname="RestAssuredProject.CalendarAPITest" name="createAnEventTest" time="1.079"/>
</testsuite> <!-- RestAssuredProject.CalendarAPITest -->
