<?xml version="1.0" encoding="UTF-8"?>
<!-- Generated by org.testng.reporters.JUnitReportReporter -->
<testsuite hostname="IN-komehta-W1" failures="0" tests="6" name="RestAssuredProject.CalendarAPITest" time="5.927" errors="0" timestamp="2019-11-25T21:39:39 IST" skipped="0">
  <testcase classname="RestAssuredProject.CalendarAPITest" name="getCalendarListTest" time="1.094"/>
  <testcase classname="RestAssuredProject.CalendarAPITest" name="getCalendarTest" time="0.896"/>
  <testcase classname="RestAssuredProject.CalendarAPITest" name="getCalendarColorsTest" time="0.820"/>
  <testcase classname="RestAssuredProject.CalendarAPITest" name="getCalendarEventListTest" time="1.279"/>
  <testcase classname="RestAssuredProject.CalendarAPITest" name="listUserCalendarSettingsTest" time="0.716"/>
  <testcase classname="RestAssuredProject.CalendarAPITest" name="createAnEventTest" time="1.122"/>
</testsuite> <!-- RestAssuredProject.CalendarAPITest -->
