<?xml version="1.0" encoding="UTF-8"?>
<!-- Generated by org.testng.reporters.JUnitReportReporter -->
<testsuite hostname="IN-komehta-W1" failures="0" tests="9" name="RestAssuredProject.GmailAPITest" time="2.942" errors="0" timestamp="2019-11-15T21:24:49 IST" skipped="8">
  <testcase classname="RestAssuredProject.GmailAPITest" name="createDraftinGmail" time="2.942"/>
  <testcase classname="RestAssuredProject.GmailAPITest" name="listUserDraftMessage">
    <skipped/>
  </testcase> <!-- listUserDraftMessage -->
  <testcase classname="RestAssuredProject.GmailAPITest" name="listUserMessages">
    <skipped/>
  </testcase> <!-- listUserMessages -->
  <testcase classname="RestAssuredProject.GmailAPITest" name="deleteDraftMessage">
    <skipped/>
  </testcase> <!-- deleteDraftMessage -->
  <testcase classname="RestAssuredProject.GmailAPITest" name="deleteMessageFromGmail">
    <skipped/>
  </testcase> <!-- deleteMessageFromGmail -->
  <testcase classname="RestAssuredProject.GmailAPITest" name="sendEmailfromGmail">
    <skipped/>
  </testcase> <!-- sendEmailfromGmail -->
  <testcase classname="RestAssuredProject.GmailAPITest" name="getUserMessages">
    <skipped/>
  </testcase> <!-- getUserMessages -->
  <testcase classname="RestAssuredProject.GmailAPITest" name="getDraftMessage">
    <skipped/>
  </testcase> <!-- getDraftMessage -->
  <testcase classname="RestAssuredProject.GmailAPITest" name="getCurrentUserProfile">
    <skipped/>
  </testcase> <!-- getCurrentUserProfile -->
</testsuite> <!-- RestAssuredProject.GmailAPITest -->
