<?xml version="1.0" encoding="UTF-8"?>
<!-- Generated by org.testng.reporters.JUnitReportReporter -->
<testsuite hostname="IN-komehta-W1" failures="0" tests="6" name="RestAssuredProject.CalendarAPITest" time="2.725" errors="0" timestamp="2019-11-18T16:28:07 IST" skipped="5">
  <testcase classname="RestAssuredProject.CalendarAPITest" name="createAnEventTest" time="2.725"/>
  <testcase classname="RestAssuredProject.CalendarAPITest" name="getCalendarEventListTest">
    <skipped/>
  </testcase> <!-- getCalendarEventListTest -->
  <testcase classname="RestAssuredProject.CalendarAPITest" name="listUserCalendarSettingsTest">
    <skipped/>
  </testcase> <!-- listUserCalendarSettingsTest -->
  <testcase classname="RestAssuredProject.CalendarAPITest" name="getCalendarListTest">
    <skipped/>
  </testcase> <!-- getCalendarListTest -->
  <testcase classname="RestAssuredProject.CalendarAPITest" name="getCalendarColorsTest">
    <skipped/>
  </testcase> <!-- getCalendarColorsTest -->
  <testcase classname="RestAssuredProject.CalendarAPITest" name="getCalendarTest">
    <skipped/>
  </testcase> <!-- getCalendarTest -->
</testsuite> <!-- RestAssuredProject.CalendarAPITest -->
