<?xml version="1.0" encoding="UTF-8"?>
<!-- Generated by org.testng.reporters.JUnitReportReporter -->
<testsuite hostname="IN-komehta-W1" failures="0" tests="2" name="RestAssuredProject.GmailAPITest" time="32.972" errors="0" timestamp="2019-11-14T20:00:12 IST" skipped="1">
  <testcase classname="RestAssuredProject.GmailAPITest" name="getCode" time="32.972"/>
  <testcase classname="RestAssuredProject.GmailAPITest" name="OauthRun2">
    <skipped/>
  </testcase> <!-- OauthRun2 -->
</testsuite> <!-- RestAssuredProject.GmailAPITest -->
